{
  "RSpec": {
    "coverage": {
      "/home/rational-workshop-1760/tic-tac-toe-rb-ruby-intro-000/lib/tic_tac_toe.rb": [
        null,
        1,
        null,
        null,
        null,
        null,
        null,
        null,
        null,
        null,
        1,
        23,
        23,
        null,
        23,
        23,
        23,
        23,
        23,
        null,
        null,
        1,
        22,
        null,
        null,
        1,
        21,
        null,
        null,
        1,
        232,
        null,
        null,
        1,
        22,
        null,
        1,
        20,
        20,
        180,
        31,
        31,
        null,
        null,
        20,
        null,
        1,
        19,
        null,
        null,
        1,
        19,
        19,
        19,
        19,
        18,
        18,
        null,
        1,
        null,
        null,
        1,
        104,
        624,
        624,
        624,
        null,
        624,
        624,
        624,
        624,
        53,
        null,
        null,
        51,
        null,
        null,
        1,
        236,
        37,
        null,
        8,
        null,
        null,
        null,
        1,
        28,
        7,
        21,
        14,
        7,
        7,
        null,
        null,
        null,
        1,
        20,
        10,
        null,
        null,
        null,
        1,
        12,
        11,
        null,
        null,
        null,
        1,
        12,
        12,
        16,
        16,
        null,
        12,
        5,
        5,
        7,
        7,
        null,
        null
      ]
    },
    "timestamp": 1598433803
  }
}
